<?xml version="1.0" encoding="UTF-8" ?>
<testsuites errors="0"
            failures="1"
            tests="1">

  <testsuite name="login.login"
    errors="0" failures="1" hostname="" id="" package="login" skipped="0"
    tests="1" time="47.56" timestamp="">
  
    <testcase name="Energy User Profiles" classname="login.login" time="47.56" assertions="4">

    

    

      <failure message="Testing if element &lt;#oneHeader &gt; div.oneSystemMessage &gt; div &gt; a&gt; contains text: &#34;Energy - Client Solutions Consultant QA&#34;. Element could not be located in 1000 ms. - expected [0;32m&#34;Energy - Client Solutions Consultant QA&#34;[0m but got: [0;31m&#34;null&#34;[0m">    at NightwatchAPI.&lt;anonymous&gt; (C:\salesforce\nightwatch_salesforce\nightwatch\tests\login\login.js:81:13)
    at process._tickCallback (internal/process/next_tick.js:68:7)</failure>

    <failure message="    at NightwatchAPI.&lt;anonymous&gt; (C:\salesforce\nightwatch_salesforce\nightwatch\tests\login\login.js:81:13)">    at process._tickCallback (internal/process/next_tick.js:68:7)</failure>
    </testcase>
  

  

  
  </testsuite>
</testsuites>
